2025-04-22 05:38:42,028 DEBUG scheduler Queued events for site modernbrand
2025-04-22 05:39:42,149 DEBUG scheduler Queued events for site modernbrand
2025-04-22 05:40:42,290 DEBUG scheduler Queued events for site modernbrand
2025-04-22 05:40:42,322 INFO scheduler Scheduled Job Start: frappe.monitor.flush for modernbrand
2025-04-22 05:40:42,469 INFO scheduler Scheduled Job Complete: frappe.monitor.flush for modernbrand
2025-04-22 05:40:42,537 INFO scheduler Scheduled Job Start: frappe.utils.global_search.sync_global_search for modernbrand
2025-04-22 05:40:42,684 INFO scheduler Scheduled Job Complete: frappe.utils.global_search.sync_global_search for modernbrand
2025-04-22 05:40:42,750 INFO scheduler Scheduled Job Start: frappe.integrations.doctype.razorpay_settings.razorpay_settings.capture_payment for modernbrand
2025-04-22 05:40:42,992 INFO scheduler Scheduled Job Complete: frappe.integrations.doctype.razorpay_settings.razorpay_settings.capture_payment for modernbrand
2025-04-22 05:40:43,060 INFO scheduler Scheduled Job Start: frappe.email.doctype.email_account.email_account.notify_unreplied for modernbrand
2025-04-22 05:40:43,250 INFO scheduler Scheduled Job Complete: frappe.email.doctype.email_account.email_account.notify_unreplied for modernbrand
2025-04-22 05:40:43,317 INFO scheduler Scheduled Job Start: frappe.email.doctype.email_account.email_account.pull for modernbrand
2025-04-22 05:40:43,533 INFO scheduler Scheduled Job Complete: frappe.email.doctype.email_account.email_account.pull for modernbrand
2025-04-22 05:40:43,602 INFO scheduler Scheduled Job Start: frappe.email.queue.flush for modernbrand
2025-04-22 05:40:43,764 INFO scheduler Scheduled Job Complete: frappe.email.queue.flush for modernbrand
2025-04-22 05:41:42,398 DEBUG scheduler Queued events for site modernbrand
2025-04-22 05:42:42,500 DEBUG scheduler Queued events for site modernbrand
2025-04-22 05:43:42,616 DEBUG scheduler Queued events for site modernbrand
2025-04-22 05:44:42,751 DEBUG scheduler Queued events for site modernbrand
2025-04-22 05:44:42,779 INFO scheduler Scheduled Job Start: frappe.monitor.flush for modernbrand
2025-04-22 05:44:42,922 INFO scheduler Scheduled Job Complete: frappe.monitor.flush for modernbrand
2025-04-22 05:44:42,989 INFO scheduler Scheduled Job Start: frappe.utils.global_search.sync_global_search for modernbrand
2025-04-22 05:44:43,136 INFO scheduler Scheduled Job Complete: frappe.utils.global_search.sync_global_search for modernbrand
2025-04-22 05:44:43,202 INFO scheduler Scheduled Job Start: frappe.integrations.doctype.razorpay_settings.razorpay_settings.capture_payment for modernbrand
2025-04-22 05:44:43,445 INFO scheduler Scheduled Job Complete: frappe.integrations.doctype.razorpay_settings.razorpay_settings.capture_payment for modernbrand
2025-04-22 05:44:43,515 INFO scheduler Scheduled Job Start: frappe.email.doctype.email_account.email_account.notify_unreplied for modernbrand
2025-04-22 05:44:43,706 INFO scheduler Scheduled Job Complete: frappe.email.doctype.email_account.email_account.notify_unreplied for modernbrand
2025-04-22 05:44:43,771 INFO scheduler Scheduled Job Start: frappe.email.doctype.email_account.email_account.pull for modernbrand
2025-04-22 05:44:43,980 INFO scheduler Scheduled Job Complete: frappe.email.doctype.email_account.email_account.pull for modernbrand
2025-04-22 05:44:44,044 INFO scheduler Scheduled Job Start: frappe.email.queue.flush for modernbrand
2025-04-22 05:44:44,208 INFO scheduler Scheduled Job Complete: frappe.email.queue.flush for modernbrand
2025-04-22 05:45:42,858 DEBUG scheduler Queued events for site modernbrand
2025-04-22 05:45:42,907 INFO scheduler Scheduled Job Start: frappe.twofactor.delete_all_barcodes_for_users for modernbrand
2025-04-22 05:45:43,123 INFO scheduler Scheduled Job Complete: frappe.twofactor.delete_all_barcodes_for_users for modernbrand
2025-04-22 05:45:43,194 INFO scheduler Scheduled Job Start: frappe.website.doctype.web_page.web_page.check_publish_status for modernbrand
2025-04-22 05:45:43,435 INFO scheduler Scheduled Job Complete: frappe.website.doctype.web_page.web_page.check_publish_status for modernbrand
2025-04-22 05:45:43,506 INFO scheduler Scheduled Job Start: frappe.oauth.delete_oauth2_data for modernbrand
2025-04-22 05:45:43,724 INFO scheduler Scheduled Job Complete: frappe.oauth.delete_oauth2_data for modernbrand
2025-04-22 05:46:42,991 DEBUG scheduler Queued events for site modernbrand
2025-04-22 05:47:43,126 DEBUG scheduler Queued events for site modernbrand
2025-04-22 05:48:43,244 DEBUG scheduler Queued events for site modernbrand
2025-04-22 05:48:43,279 INFO scheduler Scheduled Job Start: frappe.monitor.flush for modernbrand
2025-04-22 05:48:43,425 INFO scheduler Scheduled Job Complete: frappe.monitor.flush for modernbrand
2025-04-22 05:48:43,489 INFO scheduler Scheduled Job Start: frappe.utils.global_search.sync_global_search for modernbrand
2025-04-22 05:48:43,634 INFO scheduler Scheduled Job Complete: frappe.utils.global_search.sync_global_search for modernbrand
2025-04-22 05:48:43,703 INFO scheduler Scheduled Job Start: frappe.integrations.doctype.razorpay_settings.razorpay_settings.capture_payment for modernbrand
2025-04-22 05:48:43,937 INFO scheduler Scheduled Job Complete: frappe.integrations.doctype.razorpay_settings.razorpay_settings.capture_payment for modernbrand
2025-04-22 05:48:44,001 INFO scheduler Scheduled Job Start: frappe.email.doctype.email_account.email_account.notify_unreplied for modernbrand
2025-04-22 05:48:44,190 INFO scheduler Scheduled Job Complete: frappe.email.doctype.email_account.email_account.notify_unreplied for modernbrand
2025-04-22 05:48:44,261 INFO scheduler Scheduled Job Start: frappe.email.doctype.email_account.email_account.pull for modernbrand
2025-04-22 05:48:44,467 INFO scheduler Scheduled Job Complete: frappe.email.doctype.email_account.email_account.pull for modernbrand
2025-04-22 05:48:44,538 INFO scheduler Scheduled Job Start: frappe.email.queue.flush for modernbrand
2025-04-22 05:48:44,699 INFO scheduler Scheduled Job Complete: frappe.email.queue.flush for modernbrand
2025-04-22 05:49:43,358 DEBUG scheduler Queued events for site modernbrand
2025-04-22 05:50:43,454 DEBUG scheduler Queued events for site modernbrand
2025-04-22 05:51:43,561 DEBUG scheduler Queued events for site modernbrand
2025-04-22 05:52:43,699 DEBUG scheduler Queued events for site modernbrand
2025-04-22 05:52:43,728 INFO scheduler Scheduled Job Start: frappe.monitor.flush for modernbrand
2025-04-22 05:52:43,875 INFO scheduler Scheduled Job Complete: frappe.monitor.flush for modernbrand
2025-04-22 05:52:43,943 INFO scheduler Scheduled Job Start: frappe.utils.global_search.sync_global_search for modernbrand
2025-04-22 05:52:44,087 INFO scheduler Scheduled Job Complete: frappe.utils.global_search.sync_global_search for modernbrand
2025-04-22 05:52:44,152 INFO scheduler Scheduled Job Start: frappe.integrations.doctype.razorpay_settings.razorpay_settings.capture_payment for modernbrand
2025-04-22 05:52:44,386 INFO scheduler Scheduled Job Complete: frappe.integrations.doctype.razorpay_settings.razorpay_settings.capture_payment for modernbrand
2025-04-22 05:52:44,452 INFO scheduler Scheduled Job Start: frappe.email.doctype.email_account.email_account.notify_unreplied for modernbrand
2025-04-22 05:52:44,645 INFO scheduler Scheduled Job Complete: frappe.email.doctype.email_account.email_account.notify_unreplied for modernbrand
2025-04-22 05:52:44,711 INFO scheduler Scheduled Job Start: frappe.email.doctype.email_account.email_account.pull for modernbrand
2025-04-22 05:52:44,916 INFO scheduler Scheduled Job Complete: frappe.email.doctype.email_account.email_account.pull for modernbrand
2025-04-22 05:52:44,984 INFO scheduler Scheduled Job Start: frappe.email.queue.flush for modernbrand
2025-04-22 05:52:45,160 INFO scheduler Scheduled Job Complete: frappe.email.queue.flush for modernbrand
2025-04-22 05:53:43,835 DEBUG scheduler Queued events for site modernbrand
2025-04-22 05:54:43,982 DEBUG scheduler Queued events for site modernbrand
2025-04-22 05:55:44,128 DEBUG scheduler Queued events for site modernbrand
2025-04-22 05:56:44,343 DEBUG scheduler Queued events for site modernbrand
2025-04-22 05:56:44,370 INFO scheduler Scheduled Job Start: frappe.monitor.flush for modernbrand
2025-04-22 05:56:44,541 INFO scheduler Scheduled Job Complete: frappe.monitor.flush for modernbrand
2025-04-22 05:56:44,609 INFO scheduler Scheduled Job Start: frappe.utils.global_search.sync_global_search for modernbrand
2025-04-22 05:56:44,759 INFO scheduler Scheduled Job Complete: frappe.utils.global_search.sync_global_search for modernbrand
2025-04-22 05:56:44,825 INFO scheduler Scheduled Job Start: frappe.integrations.doctype.razorpay_settings.razorpay_settings.capture_payment for modernbrand
2025-04-22 05:56:45,115 INFO scheduler Scheduled Job Complete: frappe.integrations.doctype.razorpay_settings.razorpay_settings.capture_payment for modernbrand
2025-04-22 05:56:45,180 INFO scheduler Scheduled Job Start: frappe.email.doctype.email_account.email_account.notify_unreplied for modernbrand
2025-04-22 05:56:45,410 INFO scheduler Scheduled Job Complete: frappe.email.doctype.email_account.email_account.notify_unreplied for modernbrand
2025-04-22 05:56:45,481 INFO scheduler Scheduled Job Start: frappe.email.doctype.email_account.email_account.pull for modernbrand
2025-04-22 05:56:45,686 INFO scheduler Scheduled Job Complete: frappe.email.doctype.email_account.email_account.pull for modernbrand
2025-04-22 05:56:45,758 INFO scheduler Scheduled Job Start: frappe.email.queue.flush for modernbrand
2025-04-22 05:56:45,922 INFO scheduler Scheduled Job Complete: frappe.email.queue.flush for modernbrand
2025-04-22 05:57:44,495 DEBUG scheduler Queued events for site modernbrand
2025-04-22 05:58:44,572 DEBUG scheduler Queued events for site modernbrand
2025-04-22 05:59:44,713 DEBUG scheduler Queued events for site modernbrand
2025-04-22 06:00:44,877 INFO scheduler Scheduled Job Start: frappe.email.doctype.newsletter.newsletter.send_scheduled_email for modernbrand
2025-04-22 06:00:44,914 DEBUG scheduler Queued events for site modernbrand
2025-04-22 06:00:45,181 INFO scheduler Scheduled Job Complete: frappe.email.doctype.newsletter.newsletter.send_scheduled_email for modernbrand
2025-04-22 06:00:45,249 INFO scheduler Scheduled Job Start: frappe.integrations.doctype.google_calendar.google_calendar.sync for modernbrand
2025-04-22 06:00:45,614 INFO scheduler Scheduled Job Complete: frappe.integrations.doctype.google_calendar.google_calendar.sync for modernbrand
2025-04-22 06:00:45,693 INFO scheduler Scheduled Job Start: frappe.desk.form.document_follow.send_hourly_updates for modernbrand
2025-04-22 06:00:45,910 INFO scheduler Scheduled Job Complete: frappe.desk.form.document_follow.send_hourly_updates for modernbrand
2025-04-22 06:00:45,981 INFO scheduler Scheduled Job Start: frappe.deferred_insert.save_to_db for modernbrand
2025-04-22 06:00:46,280 INFO scheduler Scheduled Job Complete: frappe.deferred_insert.save_to_db for modernbrand
2025-04-22 06:00:46,350 INFO scheduler Scheduled Job Start: frappe.desk.page.backups.backups.delete_downloadable_backups for modernbrand
2025-04-22 06:00:46,542 INFO scheduler Scheduled Job Complete: frappe.desk.page.backups.backups.delete_downloadable_backups for modernbrand
2025-04-22 06:00:46,613 INFO scheduler Scheduled Job Start: frappe.utils.error.collect_error_snapshots for modernbrand
2025-04-22 06:00:46,845 INFO scheduler Scheduled Job Complete: frappe.utils.error.collect_error_snapshots for modernbrand
2025-04-22 06:00:46,915 INFO scheduler Scheduled Job Start: frappe.model.utils.user_settings.sync_user_settings for modernbrand
2025-04-22 06:00:47,101 INFO scheduler Scheduled Job Complete: frappe.model.utils.user_settings.sync_user_settings for modernbrand
2025-04-22 06:00:47,171 INFO scheduler Scheduled Job Start: frappe.model.utils.link_count.update_link_count for modernbrand
2025-04-22 06:00:47,358 INFO scheduler Scheduled Job Complete: frappe.model.utils.link_count.update_link_count for modernbrand
2025-04-22 06:00:47,427 INFO scheduler Scheduled Job Start: frappe.monitor.flush for modernbrand
2025-04-22 06:00:47,573 INFO scheduler Scheduled Job Complete: frappe.monitor.flush for modernbrand
2025-04-22 06:00:47,639 INFO scheduler Scheduled Job Start: frappe.utils.global_search.sync_global_search for modernbrand
2025-04-22 06:00:47,792 INFO scheduler Scheduled Job Complete: frappe.utils.global_search.sync_global_search for modernbrand
2025-04-22 06:00:47,858 INFO scheduler Scheduled Job Start: frappe.integrations.doctype.razorpay_settings.razorpay_settings.capture_payment for modernbrand
2025-04-22 06:00:48,098 INFO scheduler Scheduled Job Complete: frappe.integrations.doctype.razorpay_settings.razorpay_settings.capture_payment for modernbrand
2025-04-22 06:00:48,164 INFO scheduler Scheduled Job Start: frappe.email.doctype.email_account.email_account.notify_unreplied for modernbrand
2025-04-22 06:00:48,353 INFO scheduler Scheduled Job Complete: frappe.email.doctype.email_account.email_account.notify_unreplied for modernbrand
2025-04-22 06:00:48,418 INFO scheduler Scheduled Job Start: frappe.email.doctype.email_account.email_account.pull for modernbrand
2025-04-22 06:00:48,631 INFO scheduler Scheduled Job Complete: frappe.email.doctype.email_account.email_account.pull for modernbrand
2025-04-22 06:00:48,700 INFO scheduler Scheduled Job Start: frappe.email.queue.flush for modernbrand
2025-04-22 06:00:48,869 INFO scheduler Scheduled Job Complete: frappe.email.queue.flush for modernbrand
2025-04-22 06:00:48,934 INFO scheduler Scheduled Job Start: frappe.twofactor.delete_all_barcodes_for_users for modernbrand
2025-04-22 06:00:49,141 INFO scheduler Scheduled Job Complete: frappe.twofactor.delete_all_barcodes_for_users for modernbrand
2025-04-22 06:00:49,210 INFO scheduler Scheduled Job Start: frappe.website.doctype.web_page.web_page.check_publish_status for modernbrand
2025-04-22 06:00:49,497 INFO scheduler Scheduled Job Complete: frappe.website.doctype.web_page.web_page.check_publish_status for modernbrand
2025-04-22 06:00:49,566 INFO scheduler Scheduled Job Start: frappe.oauth.delete_oauth2_data for modernbrand
2025-04-22 06:00:49,814 INFO scheduler Scheduled Job Complete: frappe.oauth.delete_oauth2_data for modernbrand
2025-04-22 06:01:45,006 DEBUG scheduler Queued events for site modernbrand
2025-04-22 06:02:45,098 DEBUG scheduler Queued events for site modernbrand
2025-04-22 06:03:45,189 DEBUG scheduler Queued events for site modernbrand
2025-04-22 06:04:45,318 DEBUG scheduler Queued events for site modernbrand
2025-04-22 06:04:45,353 INFO scheduler Scheduled Job Start: frappe.monitor.flush for modernbrand
2025-04-22 06:04:45,497 INFO scheduler Scheduled Job Complete: frappe.monitor.flush for modernbrand
2025-04-22 06:04:45,562 INFO scheduler Scheduled Job Start: frappe.utils.global_search.sync_global_search for modernbrand
2025-04-22 06:04:45,705 INFO scheduler Scheduled Job Complete: frappe.utils.global_search.sync_global_search for modernbrand
2025-04-22 06:04:45,772 INFO scheduler Scheduled Job Start: frappe.integrations.doctype.razorpay_settings.razorpay_settings.capture_payment for modernbrand
2025-04-22 06:04:46,005 INFO scheduler Scheduled Job Complete: frappe.integrations.doctype.razorpay_settings.razorpay_settings.capture_payment for modernbrand
2025-04-22 06:04:46,074 INFO scheduler Scheduled Job Start: frappe.email.doctype.email_account.email_account.notify_unreplied for modernbrand
2025-04-22 06:04:46,265 INFO scheduler Scheduled Job Complete: frappe.email.doctype.email_account.email_account.notify_unreplied for modernbrand
2025-04-22 06:04:46,329 INFO scheduler Scheduled Job Start: frappe.email.doctype.email_account.email_account.pull for modernbrand
2025-04-22 06:04:46,534 INFO scheduler Scheduled Job Complete: frappe.email.doctype.email_account.email_account.pull for modernbrand
2025-04-22 06:04:46,599 INFO scheduler Scheduled Job Start: frappe.email.queue.flush for modernbrand
2025-04-22 06:04:46,765 INFO scheduler Scheduled Job Complete: frappe.email.queue.flush for modernbrand
2025-04-22 06:05:45,439 DEBUG scheduler Queued events for site modernbrand
2025-04-22 06:06:45,566 DEBUG scheduler Queued events for site modernbrand
2025-04-22 06:07:45,666 DEBUG scheduler Queued events for site modernbrand
2025-04-22 06:08:45,768 DEBUG scheduler Queued events for site modernbrand
2025-04-22 06:08:45,798 INFO scheduler Scheduled Job Start: frappe.monitor.flush for modernbrand
2025-04-22 06:08:45,940 INFO scheduler Scheduled Job Complete: frappe.monitor.flush for modernbrand
2025-04-22 06:08:46,005 INFO scheduler Scheduled Job Start: frappe.utils.global_search.sync_global_search for modernbrand
2025-04-22 06:08:46,153 INFO scheduler Scheduled Job Complete: frappe.utils.global_search.sync_global_search for modernbrand
2025-04-22 06:08:46,217 INFO scheduler Scheduled Job Start: frappe.integrations.doctype.razorpay_settings.razorpay_settings.capture_payment for modernbrand
2025-04-22 06:08:46,454 INFO scheduler Scheduled Job Complete: frappe.integrations.doctype.razorpay_settings.razorpay_settings.capture_payment for modernbrand
2025-04-22 06:08:46,519 INFO scheduler Scheduled Job Start: frappe.email.doctype.email_account.email_account.notify_unreplied for modernbrand
2025-04-22 06:08:46,709 INFO scheduler Scheduled Job Complete: frappe.email.doctype.email_account.email_account.notify_unreplied for modernbrand
2025-04-22 06:08:46,770 INFO scheduler Scheduled Job Start: frappe.email.doctype.email_account.email_account.pull for modernbrand
2025-04-22 06:08:46,978 INFO scheduler Scheduled Job Complete: frappe.email.doctype.email_account.email_account.pull for modernbrand
2025-04-22 06:08:47,045 INFO scheduler Scheduled Job Start: frappe.email.queue.flush for modernbrand
2025-04-22 06:08:47,206 INFO scheduler Scheduled Job Complete: frappe.email.queue.flush for modernbrand
2025-04-22 06:09:45,916 DEBUG scheduler Queued events for site modernbrand
2025-04-22 06:10:46,034 DEBUG scheduler Queued events for site modernbrand
2025-04-22 06:11:46,155 DEBUG scheduler Queued events for site modernbrand
2025-04-22 06:12:46,257 DEBUG scheduler Queued events for site modernbrand
2025-04-22 06:12:46,289 INFO scheduler Scheduled Job Start: frappe.monitor.flush for modernbrand
2025-04-22 06:12:46,434 INFO scheduler Scheduled Job Complete: frappe.monitor.flush for modernbrand
2025-04-22 06:12:46,500 INFO scheduler Scheduled Job Start: frappe.utils.global_search.sync_global_search for modernbrand
2025-04-22 06:12:46,645 INFO scheduler Scheduled Job Complete: frappe.utils.global_search.sync_global_search for modernbrand
2025-04-22 06:12:46,712 INFO scheduler Scheduled Job Start: frappe.integrations.doctype.razorpay_settings.razorpay_settings.capture_payment for modernbrand
2025-04-22 06:12:46,949 INFO scheduler Scheduled Job Complete: frappe.integrations.doctype.razorpay_settings.razorpay_settings.capture_payment for modernbrand
2025-04-22 06:12:47,018 INFO scheduler Scheduled Job Start: frappe.email.doctype.email_account.email_account.notify_unreplied for modernbrand
2025-04-22 06:12:47,214 INFO scheduler Scheduled Job Complete: frappe.email.doctype.email_account.email_account.notify_unreplied for modernbrand
2025-04-22 06:12:47,280 INFO scheduler Scheduled Job Start: frappe.email.doctype.email_account.email_account.pull for modernbrand
2025-04-22 06:12:47,486 INFO scheduler Scheduled Job Complete: frappe.email.doctype.email_account.email_account.pull for modernbrand
2025-04-22 06:12:47,555 INFO scheduler Scheduled Job Start: frappe.email.queue.flush for modernbrand
2025-04-22 06:12:47,718 INFO scheduler Scheduled Job Complete: frappe.email.queue.flush for modernbrand
2025-04-22 06:13:46,368 DEBUG scheduler Queued events for site modernbrand
2025-04-22 06:14:46,489 DEBUG scheduler Queued events for site modernbrand
2025-04-22 06:15:46,594 DEBUG scheduler Queued events for site modernbrand
2025-04-22 06:15:46,643 INFO scheduler Scheduled Job Start: frappe.twofactor.delete_all_barcodes_for_users for modernbrand
2025-04-22 06:15:46,851 INFO scheduler Scheduled Job Complete: frappe.twofactor.delete_all_barcodes_for_users for modernbrand
2025-04-22 06:15:46,928 INFO scheduler Scheduled Job Start: frappe.website.doctype.web_page.web_page.check_publish_status for modernbrand
2025-04-22 06:15:47,182 INFO scheduler Scheduled Job Complete: frappe.website.doctype.web_page.web_page.check_publish_status for modernbrand
2025-04-22 06:15:47,251 INFO scheduler Scheduled Job Start: frappe.oauth.delete_oauth2_data for modernbrand
2025-04-22 06:15:47,476 INFO scheduler Scheduled Job Complete: frappe.oauth.delete_oauth2_data for modernbrand
2025-04-22 06:16:46,759 DEBUG scheduler Queued events for site modernbrand
2025-04-22 06:16:46,788 INFO scheduler Scheduled Job Start: frappe.monitor.flush for modernbrand
2025-04-22 06:16:46,932 INFO scheduler Scheduled Job Complete: frappe.monitor.flush for modernbrand
2025-04-22 06:16:47,002 INFO scheduler Scheduled Job Start: frappe.utils.global_search.sync_global_search for modernbrand
2025-04-22 06:16:47,151 INFO scheduler Scheduled Job Complete: frappe.utils.global_search.sync_global_search for modernbrand
2025-04-22 06:16:47,219 INFO scheduler Scheduled Job Start: frappe.integrations.doctype.razorpay_settings.razorpay_settings.capture_payment for modernbrand
2025-04-22 06:16:47,461 INFO scheduler Scheduled Job Complete: frappe.integrations.doctype.razorpay_settings.razorpay_settings.capture_payment for modernbrand
2025-04-22 06:16:47,527 INFO scheduler Scheduled Job Start: frappe.email.doctype.email_account.email_account.notify_unreplied for modernbrand
2025-04-22 06:16:47,729 INFO scheduler Scheduled Job Complete: frappe.email.doctype.email_account.email_account.notify_unreplied for modernbrand
2025-04-22 06:16:47,799 INFO scheduler Scheduled Job Start: frappe.email.doctype.email_account.email_account.pull for modernbrand
2025-04-22 06:16:48,010 INFO scheduler Scheduled Job Complete: frappe.email.doctype.email_account.email_account.pull for modernbrand
2025-04-22 06:16:48,074 INFO scheduler Scheduled Job Start: frappe.email.queue.flush for modernbrand
2025-04-22 06:16:48,241 INFO scheduler Scheduled Job Complete: frappe.email.queue.flush for modernbrand
2025-04-22 06:17:46,863 DEBUG scheduler Queued events for site modernbrand
2025-04-22 06:18:46,989 DEBUG scheduler Queued events for site modernbrand
2025-04-22 06:19:47,082 DEBUG scheduler Queued events for site modernbrand
2025-04-22 06:20:47,225 DEBUG scheduler Queued events for site modernbrand
2025-04-22 06:20:47,257 INFO scheduler Scheduled Job Start: frappe.monitor.flush for modernbrand
2025-04-22 06:20:47,400 INFO scheduler Scheduled Job Complete: frappe.monitor.flush for modernbrand
2025-04-22 06:20:47,465 INFO scheduler Scheduled Job Start: frappe.utils.global_search.sync_global_search for modernbrand
2025-04-22 06:20:47,613 INFO scheduler Scheduled Job Complete: frappe.utils.global_search.sync_global_search for modernbrand
2025-04-22 06:20:47,675 INFO scheduler Scheduled Job Start: frappe.integrations.doctype.razorpay_settings.razorpay_settings.capture_payment for modernbrand
2025-04-22 06:20:47,915 INFO scheduler Scheduled Job Complete: frappe.integrations.doctype.razorpay_settings.razorpay_settings.capture_payment for modernbrand
2025-04-22 06:20:47,982 INFO scheduler Scheduled Job Start: frappe.email.doctype.email_account.email_account.notify_unreplied for modernbrand
2025-04-22 06:20:48,169 INFO scheduler Scheduled Job Complete: frappe.email.doctype.email_account.email_account.notify_unreplied for modernbrand
2025-04-22 06:20:48,240 INFO scheduler Scheduled Job Start: frappe.email.doctype.email_account.email_account.pull for modernbrand
2025-04-22 06:20:48,444 INFO scheduler Scheduled Job Complete: frappe.email.doctype.email_account.email_account.pull for modernbrand
2025-04-22 06:20:48,513 INFO scheduler Scheduled Job Start: frappe.email.queue.flush for modernbrand
2025-04-22 06:20:48,679 INFO scheduler Scheduled Job Complete: frappe.email.queue.flush for modernbrand
2025-04-22 06:21:47,317 DEBUG scheduler Queued events for site modernbrand
2025-04-22 06:22:47,409 DEBUG scheduler Queued events for site modernbrand
2025-04-22 06:23:47,543 DEBUG scheduler Queued events for site modernbrand
2025-04-22 06:24:47,684 DEBUG scheduler Queued events for site modernbrand
2025-04-22 06:24:47,712 INFO scheduler Scheduled Job Start: frappe.monitor.flush for modernbrand
2025-04-22 06:24:47,863 INFO scheduler Scheduled Job Complete: frappe.monitor.flush for modernbrand
2025-04-22 06:24:47,926 INFO scheduler Scheduled Job Start: frappe.utils.global_search.sync_global_search for modernbrand
2025-04-22 06:24:48,072 INFO scheduler Scheduled Job Complete: frappe.utils.global_search.sync_global_search for modernbrand
2025-04-22 06:24:48,140 INFO scheduler Scheduled Job Start: frappe.integrations.doctype.razorpay_settings.razorpay_settings.capture_payment for modernbrand
2025-04-22 06:24:48,377 INFO scheduler Scheduled Job Complete: frappe.integrations.doctype.razorpay_settings.razorpay_settings.capture_payment for modernbrand
2025-04-22 06:24:48,440 INFO scheduler Scheduled Job Start: frappe.email.doctype.email_account.email_account.notify_unreplied for modernbrand
2025-04-22 06:24:48,634 INFO scheduler Scheduled Job Complete: frappe.email.doctype.email_account.email_account.notify_unreplied for modernbrand
2025-04-22 06:24:48,696 INFO scheduler Scheduled Job Start: frappe.email.doctype.email_account.email_account.pull for modernbrand
2025-04-22 06:24:48,910 INFO scheduler Scheduled Job Complete: frappe.email.doctype.email_account.email_account.pull for modernbrand
2025-04-22 06:24:48,977 INFO scheduler Scheduled Job Start: frappe.email.queue.flush for modernbrand
2025-04-22 06:24:49,145 INFO scheduler Scheduled Job Complete: frappe.email.queue.flush for modernbrand
2025-04-22 06:25:47,824 DEBUG scheduler Queued events for site modernbrand
2025-04-22 06:26:47,966 DEBUG scheduler Queued events for site modernbrand
2025-04-22 06:27:48,079 DEBUG scheduler Queued events for site modernbrand
2025-04-22 06:28:48,211 DEBUG scheduler Queued events for site modernbrand
2025-04-22 06:28:48,241 INFO scheduler Scheduled Job Start: frappe.monitor.flush for modernbrand
2025-04-22 06:28:48,387 INFO scheduler Scheduled Job Complete: frappe.monitor.flush for modernbrand
2025-04-22 06:28:48,453 INFO scheduler Scheduled Job Start: frappe.utils.global_search.sync_global_search for modernbrand
2025-04-22 06:28:48,601 INFO scheduler Scheduled Job Complete: frappe.utils.global_search.sync_global_search for modernbrand
2025-04-22 06:28:48,664 INFO scheduler Scheduled Job Start: frappe.integrations.doctype.razorpay_settings.razorpay_settings.capture_payment for modernbrand
2025-04-22 06:28:48,904 INFO scheduler Scheduled Job Complete: frappe.integrations.doctype.razorpay_settings.razorpay_settings.capture_payment for modernbrand
2025-04-22 06:28:48,976 INFO scheduler Scheduled Job Start: frappe.email.doctype.email_account.email_account.notify_unreplied for modernbrand
2025-04-22 06:28:49,167 INFO scheduler Scheduled Job Complete: frappe.email.doctype.email_account.email_account.notify_unreplied for modernbrand
2025-04-22 06:28:49,235 INFO scheduler Scheduled Job Start: frappe.email.doctype.email_account.email_account.pull for modernbrand
2025-04-22 06:28:49,441 INFO scheduler Scheduled Job Complete: frappe.email.doctype.email_account.email_account.pull for modernbrand
2025-04-22 06:28:49,509 INFO scheduler Scheduled Job Start: frappe.email.queue.flush for modernbrand
2025-04-22 06:28:49,672 INFO scheduler Scheduled Job Complete: frappe.email.queue.flush for modernbrand
2025-04-22 06:29:48,320 DEBUG scheduler Queued events for site modernbrand
2025-04-22 06:30:48,430 DEBUG scheduler Queued events for site modernbrand
2025-04-22 06:30:48,482 INFO scheduler Scheduled Job Start: frappe.twofactor.delete_all_barcodes_for_users for modernbrand
2025-04-22 06:30:48,695 INFO scheduler Scheduled Job Complete: frappe.twofactor.delete_all_barcodes_for_users for modernbrand
2025-04-22 06:30:48,768 INFO scheduler Scheduled Job Start: frappe.website.doctype.web_page.web_page.check_publish_status for modernbrand
2025-04-22 06:30:49,019 INFO scheduler Scheduled Job Complete: frappe.website.doctype.web_page.web_page.check_publish_status for modernbrand
2025-04-22 06:30:49,093 INFO scheduler Scheduled Job Start: frappe.oauth.delete_oauth2_data for modernbrand
2025-04-22 06:30:49,317 INFO scheduler Scheduled Job Complete: frappe.oauth.delete_oauth2_data for modernbrand
2025-04-22 06:31:48,538 DEBUG scheduler Queued events for site modernbrand
2025-04-22 06:32:48,698 DEBUG scheduler Queued events for site modernbrand
2025-04-22 06:32:48,735 INFO scheduler Scheduled Job Start: frappe.monitor.flush for modernbrand
2025-04-22 06:32:48,890 INFO scheduler Scheduled Job Complete: frappe.monitor.flush for modernbrand
2025-04-22 06:32:48,959 INFO scheduler Scheduled Job Start: frappe.utils.global_search.sync_global_search for modernbrand
2025-04-22 06:32:49,115 INFO scheduler Scheduled Job Complete: frappe.utils.global_search.sync_global_search for modernbrand
2025-04-22 06:32:49,182 INFO scheduler Scheduled Job Start: frappe.integrations.doctype.razorpay_settings.razorpay_settings.capture_payment for modernbrand
2025-04-22 06:32:49,422 INFO scheduler Scheduled Job Complete: frappe.integrations.doctype.razorpay_settings.razorpay_settings.capture_payment for modernbrand
2025-04-22 06:32:49,488 INFO scheduler Scheduled Job Start: frappe.email.doctype.email_account.email_account.notify_unreplied for modernbrand
2025-04-22 06:32:49,683 INFO scheduler Scheduled Job Complete: frappe.email.doctype.email_account.email_account.notify_unreplied for modernbrand
2025-04-22 06:32:49,748 INFO scheduler Scheduled Job Start: frappe.email.doctype.email_account.email_account.pull for modernbrand
2025-04-22 06:32:49,957 INFO scheduler Scheduled Job Complete: frappe.email.doctype.email_account.email_account.pull for modernbrand
2025-04-22 06:32:50,031 INFO scheduler Scheduled Job Start: frappe.email.queue.flush for modernbrand
2025-04-22 06:32:50,202 INFO scheduler Scheduled Job Complete: frappe.email.queue.flush for modernbrand
2025-04-22 06:33:48,824 DEBUG scheduler Queued events for site modernbrand
2025-04-22 06:34:48,950 DEBUG scheduler Queued events for site modernbrand
2025-04-22 06:35:49,093 DEBUG scheduler Queued events for site modernbrand
2025-04-22 06:36:49,206 DEBUG scheduler Queued events for site modernbrand
2025-04-22 06:36:49,235 INFO scheduler Scheduled Job Start: frappe.monitor.flush for modernbrand
2025-04-22 06:36:49,381 INFO scheduler Scheduled Job Complete: frappe.monitor.flush for modernbrand
2025-04-22 06:36:49,443 INFO scheduler Scheduled Job Start: frappe.utils.global_search.sync_global_search for modernbrand
2025-04-22 06:36:49,590 INFO scheduler Scheduled Job Complete: frappe.utils.global_search.sync_global_search for modernbrand
2025-04-22 06:36:49,653 INFO scheduler Scheduled Job Start: frappe.integrations.doctype.razorpay_settings.razorpay_settings.capture_payment for modernbrand
2025-04-22 06:36:49,890 INFO scheduler Scheduled Job Complete: frappe.integrations.doctype.razorpay_settings.razorpay_settings.capture_payment for modernbrand
2025-04-22 06:36:49,957 INFO scheduler Scheduled Job Start: frappe.email.doctype.email_account.email_account.notify_unreplied for modernbrand
2025-04-22 06:36:50,149 INFO scheduler Scheduled Job Complete: frappe.email.doctype.email_account.email_account.notify_unreplied for modernbrand
2025-04-22 06:36:50,214 INFO scheduler Scheduled Job Start: frappe.email.doctype.email_account.email_account.pull for modernbrand
2025-04-22 06:36:50,418 INFO scheduler Scheduled Job Complete: frappe.email.doctype.email_account.email_account.pull for modernbrand
2025-04-22 06:36:50,485 INFO scheduler Scheduled Job Start: frappe.email.queue.flush for modernbrand
2025-04-22 06:36:50,650 INFO scheduler Scheduled Job Complete: frappe.email.queue.flush for modernbrand
2025-04-22 06:37:49,345 DEBUG scheduler Queued events for site modernbrand
2025-04-22 06:38:49,487 DEBUG scheduler Queued events for site modernbrand
2025-04-22 06:39:49,582 DEBUG scheduler Queued events for site modernbrand
2025-04-22 06:40:49,688 DEBUG scheduler Queued events for site modernbrand
2025-04-22 06:40:49,717 INFO scheduler Scheduled Job Start: frappe.monitor.flush for modernbrand
2025-04-22 06:40:49,864 INFO scheduler Scheduled Job Complete: frappe.monitor.flush for modernbrand
2025-04-22 06:40:49,928 INFO scheduler Scheduled Job Start: frappe.utils.global_search.sync_global_search for modernbrand
2025-04-22 06:40:50,075 INFO scheduler Scheduled Job Complete: frappe.utils.global_search.sync_global_search for modernbrand
2025-04-22 06:40:50,143 INFO scheduler Scheduled Job Start: frappe.integrations.doctype.razorpay_settings.razorpay_settings.capture_payment for modernbrand
2025-04-22 06:40:50,379 INFO scheduler Scheduled Job Complete: frappe.integrations.doctype.razorpay_settings.razorpay_settings.capture_payment for modernbrand
2025-04-22 06:40:50,443 INFO scheduler Scheduled Job Start: frappe.email.doctype.email_account.email_account.notify_unreplied for modernbrand
2025-04-22 06:40:50,640 INFO scheduler Scheduled Job Complete: frappe.email.doctype.email_account.email_account.notify_unreplied for modernbrand
2025-04-22 06:40:50,710 INFO scheduler Scheduled Job Start: frappe.email.doctype.email_account.email_account.pull for modernbrand
2025-04-22 06:40:50,917 INFO scheduler Scheduled Job Complete: frappe.email.doctype.email_account.email_account.pull for modernbrand
2025-04-22 06:40:50,988 INFO scheduler Scheduled Job Start: frappe.email.queue.flush for modernbrand
2025-04-22 06:40:51,153 INFO scheduler Scheduled Job Complete: frappe.email.queue.flush for modernbrand
2025-04-22 06:41:49,829 DEBUG scheduler Queued events for site modernbrand
2025-04-22 06:42:49,948 DEBUG scheduler Queued events for site modernbrand
2025-04-22 06:43:50,076 DEBUG scheduler Queued events for site modernbrand
2025-04-22 06:44:50,245 DEBUG scheduler Queued events for site modernbrand
2025-04-22 06:44:50,279 INFO scheduler Scheduled Job Start: frappe.monitor.flush for modernbrand
2025-04-22 06:44:50,425 INFO scheduler Scheduled Job Complete: frappe.monitor.flush for modernbrand
2025-04-22 06:44:50,493 INFO scheduler Scheduled Job Start: frappe.utils.global_search.sync_global_search for modernbrand
2025-04-22 06:44:50,640 INFO scheduler Scheduled Job Complete: frappe.utils.global_search.sync_global_search for modernbrand
2025-04-22 06:44:50,707 INFO scheduler Scheduled Job Start: frappe.integrations.doctype.razorpay_settings.razorpay_settings.capture_payment for modernbrand
2025-04-22 06:44:50,945 INFO scheduler Scheduled Job Complete: frappe.integrations.doctype.razorpay_settings.razorpay_settings.capture_payment for modernbrand
2025-04-22 06:44:51,009 INFO scheduler Scheduled Job Start: frappe.email.doctype.email_account.email_account.notify_unreplied for modernbrand
2025-04-22 06:44:51,200 INFO scheduler Scheduled Job Complete: frappe.email.doctype.email_account.email_account.notify_unreplied for modernbrand
2025-04-22 06:44:51,268 INFO scheduler Scheduled Job Start: frappe.email.doctype.email_account.email_account.pull for modernbrand
2025-04-22 06:44:51,479 INFO scheduler Scheduled Job Complete: frappe.email.doctype.email_account.email_account.pull for modernbrand
2025-04-22 06:44:51,548 INFO scheduler Scheduled Job Start: frappe.email.queue.flush for modernbrand
2025-04-22 06:44:51,716 INFO scheduler Scheduled Job Complete: frappe.email.queue.flush for modernbrand
2025-04-22 06:45:50,367 DEBUG scheduler Queued events for site modernbrand
2025-04-22 06:45:50,416 INFO scheduler Scheduled Job Start: frappe.twofactor.delete_all_barcodes_for_users for modernbrand
2025-04-22 06:45:50,619 INFO scheduler Scheduled Job Complete: frappe.twofactor.delete_all_barcodes_for_users for modernbrand
2025-04-22 06:45:50,694 INFO scheduler Scheduled Job Start: frappe.website.doctype.web_page.web_page.check_publish_status for modernbrand
2025-04-22 06:45:50,938 INFO scheduler Scheduled Job Complete: frappe.website.doctype.web_page.web_page.check_publish_status for modernbrand
2025-04-22 06:45:51,010 INFO scheduler Scheduled Job Start: frappe.oauth.delete_oauth2_data for modernbrand
2025-04-22 06:45:51,231 INFO scheduler Scheduled Job Complete: frappe.oauth.delete_oauth2_data for modernbrand
2025-04-22 06:46:50,457 DEBUG scheduler Queued events for site modernbrand
2025-04-22 06:47:50,575 DEBUG scheduler Queued events for site modernbrand
2025-04-22 06:48:50,711 DEBUG scheduler Queued events for site modernbrand
2025-04-22 06:48:50,744 INFO scheduler Scheduled Job Start: frappe.monitor.flush for modernbrand
2025-04-22 06:48:50,888 INFO scheduler Scheduled Job Complete: frappe.monitor.flush for modernbrand
2025-04-22 06:48:50,955 INFO scheduler Scheduled Job Start: frappe.utils.global_search.sync_global_search for modernbrand
2025-04-22 06:48:51,102 INFO scheduler Scheduled Job Complete: frappe.utils.global_search.sync_global_search for modernbrand
2025-04-22 06:48:51,166 INFO scheduler Scheduled Job Start: frappe.integrations.doctype.razorpay_settings.razorpay_settings.capture_payment for modernbrand
2025-04-22 06:48:51,404 INFO scheduler Scheduled Job Complete: frappe.integrations.doctype.razorpay_settings.razorpay_settings.capture_payment for modernbrand
2025-04-22 06:48:51,475 INFO scheduler Scheduled Job Start: frappe.email.doctype.email_account.email_account.notify_unreplied for modernbrand
2025-04-22 06:48:51,664 INFO scheduler Scheduled Job Complete: frappe.email.doctype.email_account.email_account.notify_unreplied for modernbrand
2025-04-22 06:48:51,727 INFO scheduler Scheduled Job Start: frappe.email.doctype.email_account.email_account.pull for modernbrand
2025-04-22 06:48:51,931 INFO scheduler Scheduled Job Complete: frappe.email.doctype.email_account.email_account.pull for modernbrand
2025-04-22 06:48:51,994 INFO scheduler Scheduled Job Start: frappe.email.queue.flush for modernbrand
2025-04-22 06:48:52,161 INFO scheduler Scheduled Job Complete: frappe.email.queue.flush for modernbrand
2025-04-22 06:49:50,802 DEBUG scheduler Queued events for site modernbrand
2025-04-22 06:50:50,946 DEBUG scheduler Queued events for site modernbrand
2025-04-22 06:51:51,028 DEBUG scheduler Queued events for site modernbrand
2025-04-22 06:52:51,151 DEBUG scheduler Queued events for site modernbrand
2025-04-22 06:52:51,194 INFO scheduler Scheduled Job Start: frappe.monitor.flush for modernbrand
2025-04-22 06:52:51,339 INFO scheduler Scheduled Job Complete: frappe.monitor.flush for modernbrand
2025-04-22 06:52:51,405 INFO scheduler Scheduled Job Start: frappe.utils.global_search.sync_global_search for modernbrand
2025-04-22 06:52:51,555 INFO scheduler Scheduled Job Complete: frappe.utils.global_search.sync_global_search for modernbrand
2025-04-22 06:52:51,622 INFO scheduler Scheduled Job Start: frappe.integrations.doctype.razorpay_settings.razorpay_settings.capture_payment for modernbrand
2025-04-22 06:52:51,863 INFO scheduler Scheduled Job Complete: frappe.integrations.doctype.razorpay_settings.razorpay_settings.capture_payment for modernbrand
2025-04-22 06:52:51,934 INFO scheduler Scheduled Job Start: frappe.email.doctype.email_account.email_account.notify_unreplied for modernbrand
2025-04-22 06:52:52,129 INFO scheduler Scheduled Job Complete: frappe.email.doctype.email_account.email_account.notify_unreplied for modernbrand
2025-04-22 06:52:52,199 INFO scheduler Scheduled Job Start: frappe.email.doctype.email_account.email_account.pull for modernbrand
2025-04-22 06:52:52,409 INFO scheduler Scheduled Job Complete: frappe.email.doctype.email_account.email_account.pull for modernbrand
2025-04-22 06:52:52,474 INFO scheduler Scheduled Job Start: frappe.email.queue.flush for modernbrand
2025-04-22 06:52:52,642 INFO scheduler Scheduled Job Complete: frappe.email.queue.flush for modernbrand
2025-04-22 06:53:51,302 DEBUG scheduler Queued events for site modernbrand
2025-04-22 06:54:51,405 DEBUG scheduler Queued events for site modernbrand
2025-04-22 06:55:51,544 DEBUG scheduler Queued events for site modernbrand
2025-04-22 06:56:51,661 DEBUG scheduler Queued events for site modernbrand
2025-04-22 06:56:51,693 INFO scheduler Scheduled Job Start: frappe.monitor.flush for modernbrand
2025-04-22 06:56:51,842 INFO scheduler Scheduled Job Complete: frappe.monitor.flush for modernbrand
2025-04-22 06:56:51,907 INFO scheduler Scheduled Job Start: frappe.utils.global_search.sync_global_search for modernbrand
2025-04-22 06:56:52,051 INFO scheduler Scheduled Job Complete: frappe.utils.global_search.sync_global_search for modernbrand
2025-04-22 06:56:52,116 INFO scheduler Scheduled Job Start: frappe.integrations.doctype.razorpay_settings.razorpay_settings.capture_payment for modernbrand
2025-04-22 06:56:52,354 INFO scheduler Scheduled Job Complete: frappe.integrations.doctype.razorpay_settings.razorpay_settings.capture_payment for modernbrand
2025-04-22 06:56:52,423 INFO scheduler Scheduled Job Start: frappe.email.doctype.email_account.email_account.notify_unreplied for modernbrand
2025-04-22 06:56:52,612 INFO scheduler Scheduled Job Complete: frappe.email.doctype.email_account.email_account.notify_unreplied for modernbrand
2025-04-22 06:56:52,679 INFO scheduler Scheduled Job Start: frappe.email.doctype.email_account.email_account.pull for modernbrand
2025-04-22 06:56:52,887 INFO scheduler Scheduled Job Complete: frappe.email.doctype.email_account.email_account.pull for modernbrand
2025-04-22 06:56:52,950 INFO scheduler Scheduled Job Start: frappe.email.queue.flush for modernbrand
2025-04-22 06:56:53,119 INFO scheduler Scheduled Job Complete: frappe.email.queue.flush for modernbrand
2025-04-22 06:57:51,805 DEBUG scheduler Queued events for site modernbrand
2025-04-22 06:58:51,948 DEBUG scheduler Queued events for site modernbrand
2025-04-22 06:59:52,035 DEBUG scheduler Queued events for site modernbrand
2025-04-22 07:00:52,223 INFO scheduler Scheduled Job Start: frappe.email.doctype.newsletter.newsletter.send_scheduled_email for modernbrand
2025-04-22 07:00:52,277 DEBUG scheduler Queued events for site modernbrand
2025-04-22 07:00:52,478 INFO scheduler Scheduled Job Complete: frappe.email.doctype.newsletter.newsletter.send_scheduled_email for modernbrand
2025-04-22 07:00:52,548 INFO scheduler Scheduled Job Start: frappe.integrations.doctype.google_calendar.google_calendar.sync for modernbrand
2025-04-22 07:00:52,886 INFO scheduler Scheduled Job Complete: frappe.integrations.doctype.google_calendar.google_calendar.sync for modernbrand
2025-04-22 07:00:52,960 INFO scheduler Scheduled Job Start: frappe.desk.form.document_follow.send_hourly_updates for modernbrand
2025-04-22 07:00:53,175 INFO scheduler Scheduled Job Complete: frappe.desk.form.document_follow.send_hourly_updates for modernbrand
2025-04-22 07:00:53,244 INFO scheduler Scheduled Job Start: frappe.deferred_insert.save_to_db for modernbrand
2025-04-22 07:00:53,433 INFO scheduler Scheduled Job Complete: frappe.deferred_insert.save_to_db for modernbrand
2025-04-22 07:00:53,503 INFO scheduler Scheduled Job Start: frappe.desk.page.backups.backups.delete_downloadable_backups for modernbrand
2025-04-22 07:00:53,693 INFO scheduler Scheduled Job Complete: frappe.desk.page.backups.backups.delete_downloadable_backups for modernbrand
2025-04-22 07:00:53,761 INFO scheduler Scheduled Job Start: frappe.utils.error.collect_error_snapshots for modernbrand
2025-04-22 07:00:53,991 INFO scheduler Scheduled Job Complete: frappe.utils.error.collect_error_snapshots for modernbrand
2025-04-22 07:00:54,063 INFO scheduler Scheduled Job Start: frappe.model.utils.user_settings.sync_user_settings for modernbrand
2025-04-22 07:00:54,249 INFO scheduler Scheduled Job Complete: frappe.model.utils.user_settings.sync_user_settings for modernbrand
2025-04-22 07:00:54,320 INFO scheduler Scheduled Job Start: frappe.model.utils.link_count.update_link_count for modernbrand
2025-04-22 07:00:54,504 INFO scheduler Scheduled Job Complete: frappe.model.utils.link_count.update_link_count for modernbrand
2025-04-22 07:00:54,576 INFO scheduler Scheduled Job Start: frappe.monitor.flush for modernbrand
2025-04-22 07:00:54,724 INFO scheduler Scheduled Job Complete: frappe.monitor.flush for modernbrand
2025-04-22 07:00:54,793 INFO scheduler Scheduled Job Start: frappe.utils.global_search.sync_global_search for modernbrand
2025-04-22 07:00:54,937 INFO scheduler Scheduled Job Complete: frappe.utils.global_search.sync_global_search for modernbrand
2025-04-22 07:00:55,002 INFO scheduler Scheduled Job Start: frappe.integrations.doctype.razorpay_settings.razorpay_settings.capture_payment for modernbrand
2025-04-22 07:00:55,237 INFO scheduler Scheduled Job Complete: frappe.integrations.doctype.razorpay_settings.razorpay_settings.capture_payment for modernbrand
2025-04-22 07:00:55,304 INFO scheduler Scheduled Job Start: frappe.email.doctype.email_account.email_account.notify_unreplied for modernbrand
2025-04-22 07:00:55,496 INFO scheduler Scheduled Job Complete: frappe.email.doctype.email_account.email_account.notify_unreplied for modernbrand
2025-04-22 07:00:55,564 INFO scheduler Scheduled Job Start: frappe.email.doctype.email_account.email_account.pull for modernbrand
2025-04-22 07:00:55,776 INFO scheduler Scheduled Job Complete: frappe.email.doctype.email_account.email_account.pull for modernbrand
2025-04-22 07:00:55,842 INFO scheduler Scheduled Job Start: frappe.email.queue.flush for modernbrand
2025-04-22 07:00:56,002 INFO scheduler Scheduled Job Complete: frappe.email.queue.flush for modernbrand
2025-04-22 07:00:56,069 INFO scheduler Scheduled Job Start: frappe.twofactor.delete_all_barcodes_for_users for modernbrand
2025-04-22 07:00:56,274 INFO scheduler Scheduled Job Complete: frappe.twofactor.delete_all_barcodes_for_users for modernbrand
2025-04-22 07:00:56,344 INFO scheduler Scheduled Job Start: frappe.website.doctype.web_page.web_page.check_publish_status for modernbrand
2025-04-22 07:00:56,588 INFO scheduler Scheduled Job Complete: frappe.website.doctype.web_page.web_page.check_publish_status for modernbrand
2025-04-22 07:00:56,662 INFO scheduler Scheduled Job Start: frappe.oauth.delete_oauth2_data for modernbrand
2025-04-22 07:00:56,879 INFO scheduler Scheduled Job Complete: frappe.oauth.delete_oauth2_data for modernbrand
2025-04-22 07:01:52,405 DEBUG scheduler Queued events for site modernbrand
2025-04-22 07:02:52,539 DEBUG scheduler Queued events for site modernbrand
2025-04-22 07:03:52,662 DEBUG scheduler Queued events for site modernbrand
2025-04-22 07:04:52,791 DEBUG scheduler Queued events for site modernbrand
2025-04-22 07:04:52,826 INFO scheduler Scheduled Job Start: frappe.monitor.flush for modernbrand
2025-04-22 07:04:52,974 INFO scheduler Scheduled Job Complete: frappe.monitor.flush for modernbrand
2025-04-22 07:04:53,042 INFO scheduler Scheduled Job Start: frappe.utils.global_search.sync_global_search for modernbrand
2025-04-22 07:04:53,186 INFO scheduler Scheduled Job Complete: frappe.utils.global_search.sync_global_search for modernbrand
2025-04-22 07:04:53,252 INFO scheduler Scheduled Job Start: frappe.integrations.doctype.razorpay_settings.razorpay_settings.capture_payment for modernbrand
2025-04-22 07:04:53,490 INFO scheduler Scheduled Job Complete: frappe.integrations.doctype.razorpay_settings.razorpay_settings.capture_payment for modernbrand
2025-04-22 07:04:53,557 INFO scheduler Scheduled Job Start: frappe.email.doctype.email_account.email_account.notify_unreplied for modernbrand
2025-04-22 07:04:53,750 INFO scheduler Scheduled Job Complete: frappe.email.doctype.email_account.email_account.notify_unreplied for modernbrand
2025-04-22 07:04:53,817 INFO scheduler Scheduled Job Start: frappe.email.doctype.email_account.email_account.pull for modernbrand
2025-04-22 07:04:54,023 INFO scheduler Scheduled Job Complete: frappe.email.doctype.email_account.email_account.pull for modernbrand
2025-04-22 07:04:54,089 INFO scheduler Scheduled Job Start: frappe.email.queue.flush for modernbrand
2025-04-22 07:04:54,254 INFO scheduler Scheduled Job Complete: frappe.email.queue.flush for modernbrand
2025-04-22 07:05:52,926 DEBUG scheduler Queued events for site modernbrand
2025-04-22 07:06:53,025 DEBUG scheduler Queued events for site modernbrand
2025-04-22 07:07:53,142 DEBUG scheduler Queued events for site modernbrand
2025-04-22 07:08:53,292 DEBUG scheduler Queued events for site modernbrand
2025-04-22 07:08:53,331 INFO scheduler Scheduled Job Start: frappe.monitor.flush for modernbrand
2025-04-22 07:08:53,475 INFO scheduler Scheduled Job Complete: frappe.monitor.flush for modernbrand
2025-04-22 07:08:53,541 INFO scheduler Scheduled Job Start: frappe.utils.global_search.sync_global_search for modernbrand
2025-04-22 07:08:53,686 INFO scheduler Scheduled Job Complete: frappe.utils.global_search.sync_global_search for modernbrand
2025-04-22 07:08:53,756 INFO scheduler Scheduled Job Start: frappe.integrations.doctype.razorpay_settings.razorpay_settings.capture_payment for modernbrand
2025-04-22 07:08:53,994 INFO scheduler Scheduled Job Complete: frappe.integrations.doctype.razorpay_settings.razorpay_settings.capture_payment for modernbrand
2025-04-22 07:08:54,063 INFO scheduler Scheduled Job Start: frappe.email.doctype.email_account.email_account.notify_unreplied for modernbrand
2025-04-22 07:08:54,260 INFO scheduler Scheduled Job Complete: frappe.email.doctype.email_account.email_account.notify_unreplied for modernbrand
2025-04-22 07:08:54,335 INFO scheduler Scheduled Job Start: frappe.email.doctype.email_account.email_account.pull for modernbrand
2025-04-22 07:08:54,550 INFO scheduler Scheduled Job Complete: frappe.email.doctype.email_account.email_account.pull for modernbrand
2025-04-22 07:08:54,618 INFO scheduler Scheduled Job Start: frappe.email.queue.flush for modernbrand
2025-04-22 07:08:54,785 INFO scheduler Scheduled Job Complete: frappe.email.queue.flush for modernbrand
2025-04-22 07:09:53,425 DEBUG scheduler Queued events for site modernbrand
2025-04-22 07:10:53,547 DEBUG scheduler Queued events for site modernbrand
2025-04-22 07:11:53,681 DEBUG scheduler Queued events for site modernbrand
2025-04-22 07:12:53,793 DEBUG scheduler Queued events for site modernbrand
2025-04-22 07:12:53,826 INFO scheduler Scheduled Job Start: frappe.monitor.flush for modernbrand
2025-04-22 07:12:53,971 INFO scheduler Scheduled Job Complete: frappe.monitor.flush for modernbrand
2025-04-22 07:12:54,036 INFO scheduler Scheduled Job Start: frappe.utils.global_search.sync_global_search for modernbrand
2025-04-22 07:12:54,180 INFO scheduler Scheduled Job Complete: frappe.utils.global_search.sync_global_search for modernbrand
2025-04-22 07:12:54,253 INFO scheduler Scheduled Job Start: frappe.integrations.doctype.razorpay_settings.razorpay_settings.capture_payment for modernbrand
2025-04-22 07:12:54,495 INFO scheduler Scheduled Job Complete: frappe.integrations.doctype.razorpay_settings.razorpay_settings.capture_payment for modernbrand
2025-04-22 07:12:54,565 INFO scheduler Scheduled Job Start: frappe.email.doctype.email_account.email_account.notify_unreplied for modernbrand
2025-04-22 07:12:54,759 INFO scheduler Scheduled Job Complete: frappe.email.doctype.email_account.email_account.notify_unreplied for modernbrand
2025-04-22 07:12:54,831 INFO scheduler Scheduled Job Start: frappe.email.doctype.email_account.email_account.pull for modernbrand
2025-04-22 07:12:55,040 INFO scheduler Scheduled Job Complete: frappe.email.doctype.email_account.email_account.pull for modernbrand
2025-04-22 07:12:55,110 INFO scheduler Scheduled Job Start: frappe.email.queue.flush for modernbrand
2025-04-22 07:12:55,277 INFO scheduler Scheduled Job Complete: frappe.email.queue.flush for modernbrand
2025-04-22 07:13:53,921 DEBUG scheduler Queued events for site modernbrand
2025-04-22 07:14:54,023 DEBUG scheduler Queued events for site modernbrand
2025-04-22 07:15:54,118 DEBUG scheduler Queued events for site modernbrand
2025-04-22 07:15:54,166 INFO scheduler Scheduled Job Start: frappe.twofactor.delete_all_barcodes_for_users for modernbrand
2025-04-22 07:15:54,371 INFO scheduler Scheduled Job Complete: frappe.twofactor.delete_all_barcodes_for_users for modernbrand
2025-04-22 07:15:54,444 INFO scheduler Scheduled Job Start: frappe.website.doctype.web_page.web_page.check_publish_status for modernbrand
2025-04-22 07:15:54,687 INFO scheduler Scheduled Job Complete: frappe.website.doctype.web_page.web_page.check_publish_status for modernbrand
2025-04-22 07:15:54,756 INFO scheduler Scheduled Job Start: frappe.oauth.delete_oauth2_data for modernbrand
2025-04-22 07:15:54,972 INFO scheduler Scheduled Job Complete: frappe.oauth.delete_oauth2_data for modernbrand
2025-04-22 07:16:54,281 DEBUG scheduler Queued events for site modernbrand
2025-04-22 07:16:54,314 INFO scheduler Scheduled Job Start: frappe.monitor.flush for modernbrand
2025-04-22 07:16:54,463 INFO scheduler Scheduled Job Complete: frappe.monitor.flush for modernbrand
2025-04-22 07:16:54,526 INFO scheduler Scheduled Job Start: frappe.utils.global_search.sync_global_search for modernbrand
2025-04-22 07:16:54,673 INFO scheduler Scheduled Job Complete: frappe.utils.global_search.sync_global_search for modernbrand
2025-04-22 07:16:54,739 INFO scheduler Scheduled Job Start: frappe.integrations.doctype.razorpay_settings.razorpay_settings.capture_payment for modernbrand
2025-04-22 07:16:54,975 INFO scheduler Scheduled Job Complete: frappe.integrations.doctype.razorpay_settings.razorpay_settings.capture_payment for modernbrand
2025-04-22 07:16:55,042 INFO scheduler Scheduled Job Start: frappe.email.doctype.email_account.email_account.notify_unreplied for modernbrand
2025-04-22 07:16:55,236 INFO scheduler Scheduled Job Complete: frappe.email.doctype.email_account.email_account.notify_unreplied for modernbrand
2025-04-22 07:16:55,303 INFO scheduler Scheduled Job Start: frappe.email.doctype.email_account.email_account.pull for modernbrand
2025-04-22 07:16:55,511 INFO scheduler Scheduled Job Complete: frappe.email.doctype.email_account.email_account.pull for modernbrand
2025-04-22 07:16:55,574 INFO scheduler Scheduled Job Start: frappe.email.queue.flush for modernbrand
2025-04-22 07:16:55,744 INFO scheduler Scheduled Job Complete: frappe.email.queue.flush for modernbrand
2025-04-22 07:17:54,420 DEBUG scheduler Queued events for site modernbrand
2025-04-22 07:18:54,539 DEBUG scheduler Queued events for site modernbrand
2025-04-22 07:19:54,621 DEBUG scheduler Queued events for site modernbrand
2025-04-22 07:20:54,736 DEBUG scheduler Queued events for site modernbrand
2025-04-22 07:20:54,766 INFO scheduler Scheduled Job Start: frappe.monitor.flush for modernbrand
2025-04-22 07:20:54,912 INFO scheduler Scheduled Job Complete: frappe.monitor.flush for modernbrand
2025-04-22 07:20:54,979 INFO scheduler Scheduled Job Start: frappe.utils.global_search.sync_global_search for modernbrand
2025-04-22 07:20:55,128 INFO scheduler Scheduled Job Complete: frappe.utils.global_search.sync_global_search for modernbrand
2025-04-22 07:20:55,199 INFO scheduler Scheduled Job Start: frappe.integrations.doctype.razorpay_settings.razorpay_settings.capture_payment for modernbrand
2025-04-22 07:20:55,433 INFO scheduler Scheduled Job Complete: frappe.integrations.doctype.razorpay_settings.razorpay_settings.capture_payment for modernbrand
2025-04-22 07:20:55,501 INFO scheduler Scheduled Job Start: frappe.email.doctype.email_account.email_account.notify_unreplied for modernbrand
2025-04-22 07:20:55,694 INFO scheduler Scheduled Job Complete: frappe.email.doctype.email_account.email_account.notify_unreplied for modernbrand
2025-04-22 07:20:55,763 INFO scheduler Scheduled Job Start: frappe.email.doctype.email_account.email_account.pull for modernbrand
2025-04-22 07:20:55,978 INFO scheduler Scheduled Job Complete: frappe.email.doctype.email_account.email_account.pull for modernbrand
2025-04-22 07:20:56,046 INFO scheduler Scheduled Job Start: frappe.email.queue.flush for modernbrand
2025-04-22 07:20:56,207 INFO scheduler Scheduled Job Complete: frappe.email.queue.flush for modernbrand
2025-04-22 07:21:54,876 DEBUG scheduler Queued events for site modernbrand
2025-04-22 07:22:55,009 DEBUG scheduler Queued events for site modernbrand
2025-04-22 07:23:55,088 DEBUG scheduler Queued events for site modernbrand
2025-04-22 07:24:55,208 DEBUG scheduler Queued events for site modernbrand
2025-04-22 07:24:55,239 INFO scheduler Scheduled Job Start: frappe.monitor.flush for modernbrand
2025-04-22 07:24:55,385 INFO scheduler Scheduled Job Complete: frappe.monitor.flush for modernbrand
2025-04-22 07:24:55,453 INFO scheduler Scheduled Job Start: frappe.utils.global_search.sync_global_search for modernbrand
2025-04-22 07:24:55,599 INFO scheduler Scheduled Job Complete: frappe.utils.global_search.sync_global_search for modernbrand
2025-04-22 07:24:55,664 INFO scheduler Scheduled Job Start: frappe.integrations.doctype.razorpay_settings.razorpay_settings.capture_payment for modernbrand
2025-04-22 07:24:55,903 INFO scheduler Scheduled Job Complete: frappe.integrations.doctype.razorpay_settings.razorpay_settings.capture_payment for modernbrand
2025-04-22 07:24:55,968 INFO scheduler Scheduled Job Start: frappe.email.doctype.email_account.email_account.notify_unreplied for modernbrand
2025-04-22 07:24:56,165 INFO scheduler Scheduled Job Complete: frappe.email.doctype.email_account.email_account.notify_unreplied for modernbrand
2025-04-22 07:24:56,233 INFO scheduler Scheduled Job Start: frappe.email.doctype.email_account.email_account.pull for modernbrand
2025-04-22 07:24:56,441 INFO scheduler Scheduled Job Complete: frappe.email.doctype.email_account.email_account.pull for modernbrand
2025-04-22 07:24:56,514 INFO scheduler Scheduled Job Start: frappe.email.queue.flush for modernbrand
2025-04-22 07:24:56,679 INFO scheduler Scheduled Job Complete: frappe.email.queue.flush for modernbrand
2025-04-22 07:25:55,343 DEBUG scheduler Queued events for site modernbrand
2025-04-22 07:26:55,444 DEBUG scheduler Queued events for site modernbrand
2025-04-22 07:27:55,549 DEBUG scheduler Queued events for site modernbrand
2025-04-22 07:28:55,651 DEBUG scheduler Queued events for site modernbrand
2025-04-22 07:28:55,688 INFO scheduler Scheduled Job Start: frappe.monitor.flush for modernbrand
2025-04-22 07:28:55,837 INFO scheduler Scheduled Job Complete: frappe.monitor.flush for modernbrand
2025-04-22 07:28:55,904 INFO scheduler Scheduled Job Start: frappe.utils.global_search.sync_global_search for modernbrand
2025-04-22 07:28:56,049 INFO scheduler Scheduled Job Complete: frappe.utils.global_search.sync_global_search for modernbrand
2025-04-22 07:28:56,116 INFO scheduler Scheduled Job Start: frappe.integrations.doctype.razorpay_settings.razorpay_settings.capture_payment for modernbrand
2025-04-22 07:28:56,355 INFO scheduler Scheduled Job Complete: frappe.integrations.doctype.razorpay_settings.razorpay_settings.capture_payment for modernbrand
2025-04-22 07:28:56,419 INFO scheduler Scheduled Job Start: frappe.email.doctype.email_account.email_account.notify_unreplied for modernbrand
2025-04-22 07:28:56,611 INFO scheduler Scheduled Job Complete: frappe.email.doctype.email_account.email_account.notify_unreplied for modernbrand
2025-04-22 07:28:56,676 INFO scheduler Scheduled Job Start: frappe.email.doctype.email_account.email_account.pull for modernbrand
2025-04-22 07:28:56,888 INFO scheduler Scheduled Job Complete: frappe.email.doctype.email_account.email_account.pull for modernbrand
2025-04-22 07:28:56,954 INFO scheduler Scheduled Job Start: frappe.email.queue.flush for modernbrand
2025-04-22 07:28:57,119 INFO scheduler Scheduled Job Complete: frappe.email.queue.flush for modernbrand
2025-04-22 07:29:55,797 DEBUG scheduler Queued events for site modernbrand
2025-04-22 07:30:55,922 DEBUG scheduler Queued events for site modernbrand
2025-04-22 07:30:55,974 INFO scheduler Scheduled Job Start: frappe.twofactor.delete_all_barcodes_for_users for modernbrand
2025-04-22 07:30:56,185 INFO scheduler Scheduled Job Complete: frappe.twofactor.delete_all_barcodes_for_users for modernbrand
2025-04-22 07:30:56,258 INFO scheduler Scheduled Job Start: frappe.website.doctype.web_page.web_page.check_publish_status for modernbrand
2025-04-22 07:30:56,506 INFO scheduler Scheduled Job Complete: frappe.website.doctype.web_page.web_page.check_publish_status for modernbrand
2025-04-22 07:30:56,580 INFO scheduler Scheduled Job Start: frappe.oauth.delete_oauth2_data for modernbrand
2025-04-22 07:30:56,804 INFO scheduler Scheduled Job Complete: frappe.oauth.delete_oauth2_data for modernbrand
2025-04-22 07:31:56,063 DEBUG scheduler Queued events for site modernbrand
2025-04-22 07:32:56,202 DEBUG scheduler Queued events for site modernbrand
2025-04-22 07:32:56,235 INFO scheduler Scheduled Job Start: frappe.monitor.flush for modernbrand
2025-04-22 07:32:56,382 INFO scheduler Scheduled Job Complete: frappe.monitor.flush for modernbrand
2025-04-22 07:32:56,447 INFO scheduler Scheduled Job Start: frappe.utils.global_search.sync_global_search for modernbrand
2025-04-22 07:32:56,591 INFO scheduler Scheduled Job Complete: frappe.utils.global_search.sync_global_search for modernbrand
2025-04-22 07:32:56,656 INFO scheduler Scheduled Job Start: frappe.integrations.doctype.razorpay_settings.razorpay_settings.capture_payment for modernbrand
2025-04-22 07:32:56,896 INFO scheduler Scheduled Job Complete: frappe.integrations.doctype.razorpay_settings.razorpay_settings.capture_payment for modernbrand
2025-04-22 07:32:56,963 INFO scheduler Scheduled Job Start: frappe.email.doctype.email_account.email_account.notify_unreplied for modernbrand
2025-04-22 07:32:57,153 INFO scheduler Scheduled Job Complete: frappe.email.doctype.email_account.email_account.notify_unreplied for modernbrand
2025-04-22 07:32:57,219 INFO scheduler Scheduled Job Start: frappe.email.doctype.email_account.email_account.pull for modernbrand
2025-04-22 07:32:57,431 INFO scheduler Scheduled Job Complete: frappe.email.doctype.email_account.email_account.pull for modernbrand
2025-04-22 07:32:57,495 INFO scheduler Scheduled Job Start: frappe.email.queue.flush for modernbrand
2025-04-22 07:32:57,664 INFO scheduler Scheduled Job Complete: frappe.email.queue.flush for modernbrand
2025-04-22 07:33:56,353 DEBUG scheduler Queued events for site modernbrand
2025-04-22 07:34:56,440 DEBUG scheduler Queued events for site modernbrand
2025-04-22 07:35:56,579 DEBUG scheduler Queued events for site modernbrand
2025-04-22 07:36:56,726 DEBUG scheduler Queued events for site modernbrand
2025-04-22 07:36:56,755 INFO scheduler Scheduled Job Start: frappe.monitor.flush for modernbrand
2025-04-22 07:36:56,900 INFO scheduler Scheduled Job Complete: frappe.monitor.flush for modernbrand
2025-04-22 07:36:56,966 INFO scheduler Scheduled Job Start: frappe.utils.global_search.sync_global_search for modernbrand
2025-04-22 07:36:57,112 INFO scheduler Scheduled Job Complete: frappe.utils.global_search.sync_global_search for modernbrand
2025-04-22 07:36:57,174 INFO scheduler Scheduled Job Start: frappe.integrations.doctype.razorpay_settings.razorpay_settings.capture_payment for modernbrand
2025-04-22 07:36:57,414 INFO scheduler Scheduled Job Complete: frappe.integrations.doctype.razorpay_settings.razorpay_settings.capture_payment for modernbrand
2025-04-22 07:36:57,477 INFO scheduler Scheduled Job Start: frappe.email.doctype.email_account.email_account.notify_unreplied for modernbrand
2025-04-22 07:36:57,670 INFO scheduler Scheduled Job Complete: frappe.email.doctype.email_account.email_account.notify_unreplied for modernbrand
2025-04-22 07:36:57,738 INFO scheduler Scheduled Job Start: frappe.email.doctype.email_account.email_account.pull for modernbrand
2025-04-22 07:36:57,942 INFO scheduler Scheduled Job Complete: frappe.email.doctype.email_account.email_account.pull for modernbrand
2025-04-22 07:36:58,008 INFO scheduler Scheduled Job Start: frappe.email.queue.flush for modernbrand
2025-04-22 07:36:58,173 INFO scheduler Scheduled Job Complete: frappe.email.queue.flush for modernbrand
2025-04-22 07:37:56,846 DEBUG scheduler Queued events for site modernbrand
2025-04-22 07:38:56,923 DEBUG scheduler Queued events for site modernbrand
2025-04-22 07:39:57,029 DEBUG scheduler Queued events for site modernbrand
2025-04-22 07:40:57,154 DEBUG scheduler Queued events for site modernbrand
2025-04-22 07:40:57,183 INFO scheduler Scheduled Job Start: frappe.monitor.flush for modernbrand
2025-04-22 07:40:57,327 INFO scheduler Scheduled Job Complete: frappe.monitor.flush for modernbrand
2025-04-22 07:40:57,395 INFO scheduler Scheduled Job Start: frappe.utils.global_search.sync_global_search for modernbrand
2025-04-22 07:40:57,540 INFO scheduler Scheduled Job Complete: frappe.utils.global_search.sync_global_search for modernbrand
2025-04-22 07:40:57,607 INFO scheduler Scheduled Job Start: frappe.integrations.doctype.razorpay_settings.razorpay_settings.capture_payment for modernbrand
2025-04-22 07:40:57,847 INFO scheduler Scheduled Job Complete: frappe.integrations.doctype.razorpay_settings.razorpay_settings.capture_payment for modernbrand
2025-04-22 07:40:57,910 INFO scheduler Scheduled Job Start: frappe.email.doctype.email_account.email_account.notify_unreplied for modernbrand
2025-04-22 07:40:58,100 INFO scheduler Scheduled Job Complete: frappe.email.doctype.email_account.email_account.notify_unreplied for modernbrand
2025-04-22 07:40:58,163 INFO scheduler Scheduled Job Start: frappe.email.doctype.email_account.email_account.pull for modernbrand
2025-04-22 07:40:58,371 INFO scheduler Scheduled Job Complete: frappe.email.doctype.email_account.email_account.pull for modernbrand
2025-04-22 07:40:58,441 INFO scheduler Scheduled Job Start: frappe.email.queue.flush for modernbrand
2025-04-22 07:40:58,607 INFO scheduler Scheduled Job Complete: frappe.email.queue.flush for modernbrand
2025-04-22 07:41:57,300 DEBUG scheduler Queued events for site modernbrand
2025-04-22 07:42:57,439 DEBUG scheduler Queued events for site modernbrand
2025-04-22 07:43:57,531 DEBUG scheduler Queued events for site modernbrand
2025-04-22 07:44:57,660 DEBUG scheduler Queued events for site modernbrand
2025-04-22 07:44:57,690 INFO scheduler Scheduled Job Start: frappe.monitor.flush for modernbrand
2025-04-22 07:44:57,833 INFO scheduler Scheduled Job Complete: frappe.monitor.flush for modernbrand
2025-04-22 07:44:57,902 INFO scheduler Scheduled Job Start: frappe.utils.global_search.sync_global_search for modernbrand
2025-04-22 07:44:58,045 INFO scheduler Scheduled Job Complete: frappe.utils.global_search.sync_global_search for modernbrand
2025-04-22 07:44:58,108 INFO scheduler Scheduled Job Start: frappe.integrations.doctype.razorpay_settings.razorpay_settings.capture_payment for modernbrand
2025-04-22 07:44:58,340 INFO scheduler Scheduled Job Complete: frappe.integrations.doctype.razorpay_settings.razorpay_settings.capture_payment for modernbrand
2025-04-22 07:44:58,405 INFO scheduler Scheduled Job Start: frappe.email.doctype.email_account.email_account.notify_unreplied for modernbrand
2025-04-22 07:44:58,595 INFO scheduler Scheduled Job Complete: frappe.email.doctype.email_account.email_account.notify_unreplied for modernbrand
2025-04-22 07:44:58,663 INFO scheduler Scheduled Job Start: frappe.email.doctype.email_account.email_account.pull for modernbrand
2025-04-22 07:44:58,870 INFO scheduler Scheduled Job Complete: frappe.email.doctype.email_account.email_account.pull for modernbrand
2025-04-22 07:44:58,934 INFO scheduler Scheduled Job Start: frappe.email.queue.flush for modernbrand
2025-04-22 07:44:59,102 INFO scheduler Scheduled Job Complete: frappe.email.queue.flush for modernbrand
2025-04-22 07:45:57,780 DEBUG scheduler Queued events for site modernbrand
2025-04-22 07:45:57,828 INFO scheduler Scheduled Job Start: frappe.twofactor.delete_all_barcodes_for_users for modernbrand
2025-04-22 07:45:58,033 INFO scheduler Scheduled Job Complete: frappe.twofactor.delete_all_barcodes_for_users for modernbrand
2025-04-22 07:45:58,111 INFO scheduler Scheduled Job Start: frappe.website.doctype.web_page.web_page.check_publish_status for modernbrand
2025-04-22 07:45:58,357 INFO scheduler Scheduled Job Complete: frappe.website.doctype.web_page.web_page.check_publish_status for modernbrand
2025-04-22 07:45:58,428 INFO scheduler Scheduled Job Start: frappe.oauth.delete_oauth2_data for modernbrand
2025-04-22 07:45:58,646 INFO scheduler Scheduled Job Complete: frappe.oauth.delete_oauth2_data for modernbrand
2025-04-22 07:46:57,904 DEBUG scheduler Queued events for site modernbrand
2025-04-22 07:47:58,016 DEBUG scheduler Queued events for site modernbrand
2025-04-22 07:48:58,171 DEBUG scheduler Queued events for site modernbrand
2025-04-22 07:48:58,199 INFO scheduler Scheduled Job Start: frappe.monitor.flush for modernbrand
2025-04-22 07:48:58,345 INFO scheduler Scheduled Job Complete: frappe.monitor.flush for modernbrand
2025-04-22 07:48:58,411 INFO scheduler Scheduled Job Start: frappe.utils.global_search.sync_global_search for modernbrand
2025-04-22 07:48:58,558 INFO scheduler Scheduled Job Complete: frappe.utils.global_search.sync_global_search for modernbrand
2025-04-22 07:48:58,622 INFO scheduler Scheduled Job Start: frappe.integrations.doctype.razorpay_settings.razorpay_settings.capture_payment for modernbrand
2025-04-22 07:48:58,859 INFO scheduler Scheduled Job Complete: frappe.integrations.doctype.razorpay_settings.razorpay_settings.capture_payment for modernbrand
2025-04-22 07:48:58,926 INFO scheduler Scheduled Job Start: frappe.email.doctype.email_account.email_account.notify_unreplied for modernbrand
2025-04-22 07:48:59,120 INFO scheduler Scheduled Job Complete: frappe.email.doctype.email_account.email_account.notify_unreplied for modernbrand
2025-04-22 07:48:59,188 INFO scheduler Scheduled Job Start: frappe.email.doctype.email_account.email_account.pull for modernbrand
2025-04-22 07:48:59,401 INFO scheduler Scheduled Job Complete: frappe.email.doctype.email_account.email_account.pull for modernbrand
2025-04-22 07:48:59,472 INFO scheduler Scheduled Job Start: frappe.email.queue.flush for modernbrand
2025-04-22 07:48:59,636 INFO scheduler Scheduled Job Complete: frappe.email.queue.flush for modernbrand
2025-04-22 07:49:58,269 DEBUG scheduler Queued events for site modernbrand
2025-04-22 07:50:58,349 DEBUG scheduler Queued events for site modernbrand
2025-04-22 07:51:58,459 DEBUG scheduler Queued events for site modernbrand
2025-04-22 07:52:58,621 DEBUG scheduler Queued events for site modernbrand
2025-04-22 07:52:58,655 INFO scheduler Scheduled Job Start: frappe.monitor.flush for modernbrand
2025-04-22 07:52:58,799 INFO scheduler Scheduled Job Complete: frappe.monitor.flush for modernbrand
2025-04-22 07:52:58,863 INFO scheduler Scheduled Job Start: frappe.utils.global_search.sync_global_search for modernbrand
2025-04-22 07:52:59,006 INFO scheduler Scheduled Job Complete: frappe.utils.global_search.sync_global_search for modernbrand
2025-04-22 07:52:59,072 INFO scheduler Scheduled Job Start: frappe.integrations.doctype.razorpay_settings.razorpay_settings.capture_payment for modernbrand
2025-04-22 07:52:59,304 INFO scheduler Scheduled Job Complete: frappe.integrations.doctype.razorpay_settings.razorpay_settings.capture_payment for modernbrand
2025-04-22 07:52:59,371 INFO scheduler Scheduled Job Start: frappe.email.doctype.email_account.email_account.notify_unreplied for modernbrand
2025-04-22 07:52:59,564 INFO scheduler Scheduled Job Complete: frappe.email.doctype.email_account.email_account.notify_unreplied for modernbrand
2025-04-22 07:52:59,631 INFO scheduler Scheduled Job Start: frappe.email.doctype.email_account.email_account.pull for modernbrand
2025-04-22 07:52:59,836 INFO scheduler Scheduled Job Complete: frappe.email.doctype.email_account.email_account.pull for modernbrand
2025-04-22 07:52:59,905 INFO scheduler Scheduled Job Start: frappe.email.queue.flush for modernbrand
2025-04-22 07:53:00,073 INFO scheduler Scheduled Job Complete: frappe.email.queue.flush for modernbrand
2025-04-22 07:53:58,755 DEBUG scheduler Queued events for site modernbrand
2025-04-22 07:54:58,851 DEBUG scheduler Queued events for site modernbrand
2025-04-22 07:55:58,972 DEBUG scheduler Queued events for site modernbrand
2025-04-22 07:56:59,130 DEBUG scheduler Queued events for site modernbrand
2025-04-22 07:56:59,160 INFO scheduler Scheduled Job Start: frappe.monitor.flush for modernbrand
2025-04-22 07:56:59,304 INFO scheduler Scheduled Job Complete: frappe.monitor.flush for modernbrand
2025-04-22 07:56:59,370 INFO scheduler Scheduled Job Start: frappe.utils.global_search.sync_global_search for modernbrand
2025-04-22 07:56:59,514 INFO scheduler Scheduled Job Complete: frappe.utils.global_search.sync_global_search for modernbrand
2025-04-22 07:56:59,585 INFO scheduler Scheduled Job Start: frappe.integrations.doctype.razorpay_settings.razorpay_settings.capture_payment for modernbrand
2025-04-22 07:56:59,817 INFO scheduler Scheduled Job Complete: frappe.integrations.doctype.razorpay_settings.razorpay_settings.capture_payment for modernbrand
2025-04-22 07:56:59,884 INFO scheduler Scheduled Job Start: frappe.email.doctype.email_account.email_account.notify_unreplied for modernbrand
2025-04-22 07:57:00,080 INFO scheduler Scheduled Job Complete: frappe.email.doctype.email_account.email_account.notify_unreplied for modernbrand
2025-04-22 07:57:00,148 INFO scheduler Scheduled Job Start: frappe.email.doctype.email_account.email_account.pull for modernbrand
2025-04-22 07:57:00,358 INFO scheduler Scheduled Job Complete: frappe.email.doctype.email_account.email_account.pull for modernbrand
2025-04-22 07:57:00,425 INFO scheduler Scheduled Job Start: frappe.email.queue.flush for modernbrand
2025-04-22 07:57:00,586 INFO scheduler Scheduled Job Complete: frappe.email.queue.flush for modernbrand
2025-04-22 07:57:59,278 DEBUG scheduler Queued events for site modernbrand
2025-04-22 07:58:59,416 DEBUG scheduler Queued events for site modernbrand
2025-04-22 07:59:59,537 DEBUG scheduler Queued events for site modernbrand
2025-04-22 08:00:59,716 INFO scheduler Scheduled Job Start: frappe.email.doctype.newsletter.newsletter.send_scheduled_email for modernbrand
2025-04-22 08:00:59,757 DEBUG scheduler Queued events for site modernbrand
2025-04-22 08:00:59,954 INFO scheduler Scheduled Job Complete: frappe.email.doctype.newsletter.newsletter.send_scheduled_email for modernbrand
2025-04-22 08:01:00,022 INFO scheduler Scheduled Job Start: frappe.integrations.doctype.google_calendar.google_calendar.sync for modernbrand
2025-04-22 08:01:00,382 INFO scheduler Scheduled Job Complete: frappe.integrations.doctype.google_calendar.google_calendar.sync for modernbrand
2025-04-22 08:01:00,451 INFO scheduler Scheduled Job Start: frappe.desk.form.document_follow.send_hourly_updates for modernbrand
2025-04-22 08:01:00,659 INFO scheduler Scheduled Job Complete: frappe.desk.form.document_follow.send_hourly_updates for modernbrand
2025-04-22 08:01:00,727 INFO scheduler Scheduled Job Start: frappe.deferred_insert.save_to_db for modernbrand
2025-04-22 08:01:00,945 INFO scheduler Scheduled Job Complete: frappe.deferred_insert.save_to_db for modernbrand
2025-04-22 08:01:01,018 INFO scheduler Scheduled Job Start: frappe.desk.page.backups.backups.delete_downloadable_backups for modernbrand
2025-04-22 08:01:01,202 INFO scheduler Scheduled Job Complete: frappe.desk.page.backups.backups.delete_downloadable_backups for modernbrand
2025-04-22 08:01:01,274 INFO scheduler Scheduled Job Start: frappe.utils.error.collect_error_snapshots for modernbrand
2025-04-22 08:01:01,513 INFO scheduler Scheduled Job Complete: frappe.utils.error.collect_error_snapshots for modernbrand
2025-04-22 08:01:01,588 INFO scheduler Scheduled Job Start: frappe.model.utils.user_settings.sync_user_settings for modernbrand
2025-04-22 08:01:01,787 INFO scheduler Scheduled Job Complete: frappe.model.utils.user_settings.sync_user_settings for modernbrand
2025-04-22 08:01:01,859 INFO scheduler Scheduled Job Start: frappe.model.utils.link_count.update_link_count for modernbrand
2025-04-22 08:01:02,046 INFO scheduler Scheduled Job Complete: frappe.model.utils.link_count.update_link_count for modernbrand
2025-04-22 08:01:02,115 INFO scheduler Scheduled Job Start: frappe.monitor.flush for modernbrand
2025-04-22 08:01:02,259 INFO scheduler Scheduled Job Complete: frappe.monitor.flush for modernbrand
2025-04-22 08:01:02,325 INFO scheduler Scheduled Job Start: frappe.utils.global_search.sync_global_search for modernbrand
2025-04-22 08:01:02,468 INFO scheduler Scheduled Job Complete: frappe.utils.global_search.sync_global_search for modernbrand
2025-04-22 08:01:02,537 INFO scheduler Scheduled Job Start: frappe.integrations.doctype.razorpay_settings.razorpay_settings.capture_payment for modernbrand
2025-04-22 08:01:02,776 INFO scheduler Scheduled Job Complete: frappe.integrations.doctype.razorpay_settings.razorpay_settings.capture_payment for modernbrand
2025-04-22 08:01:02,839 INFO scheduler Scheduled Job Start: frappe.email.doctype.email_account.email_account.notify_unreplied for modernbrand
2025-04-22 08:01:03,030 INFO scheduler Scheduled Job Complete: frappe.email.doctype.email_account.email_account.notify_unreplied for modernbrand
2025-04-22 08:01:03,093 INFO scheduler Scheduled Job Start: frappe.email.doctype.email_account.email_account.pull for modernbrand
2025-04-22 08:01:03,305 INFO scheduler Scheduled Job Complete: frappe.email.doctype.email_account.email_account.pull for modernbrand
2025-04-22 08:01:03,369 INFO scheduler Scheduled Job Start: frappe.email.queue.flush for modernbrand
2025-04-22 08:01:03,534 INFO scheduler Scheduled Job Complete: frappe.email.queue.flush for modernbrand
2025-04-22 08:01:03,600 INFO scheduler Scheduled Job Start: frappe.twofactor.delete_all_barcodes_for_users for modernbrand
2025-04-22 08:01:03,801 INFO scheduler Scheduled Job Complete: frappe.twofactor.delete_all_barcodes_for_users for modernbrand
2025-04-22 08:01:03,872 INFO scheduler Scheduled Job Start: frappe.website.doctype.web_page.web_page.check_publish_status for modernbrand
2025-04-22 08:01:04,113 INFO scheduler Scheduled Job Complete: frappe.website.doctype.web_page.web_page.check_publish_status for modernbrand
2025-04-22 08:01:04,188 INFO scheduler Scheduled Job Start: frappe.oauth.delete_oauth2_data for modernbrand
2025-04-22 08:01:04,406 INFO scheduler Scheduled Job Complete: frappe.oauth.delete_oauth2_data for modernbrand
2025-04-22 08:01:59,840 DEBUG scheduler Queued events for site modernbrand
